<?xml version="1.0" encoding="UTF-8"?>
<!-- Generated by org.testng.reporters.JUnitXMLReporter -->
<testsuite ignored="0" hostname="DESKTOP-8AOPRN1" failures="0" tests="4" name="Default test" time="43.884" errors="0" timestamp="2023-08-04T18:37:20 IST">
  <testcase classname="runner.TestCases" name="VerifyUserisLandedOnTheHomePage001" time="1.077"/>
  <testcase classname="runner.TestCases" name="verifyloginWithInvalidData002" time="1.023"/>
  <testcase classname="runner.TestCases" name="VerifyUsercanAddItemInAddToCart" time="2.012"/>
  <testcase classname="runner.TestCases" name="verifyUserCanOrderTheProduct" time="3.927"/>
</testsuite> <!-- Default test -->
