<?xml version="1.0" encoding="UTF-8"?>
<!-- Generated by org.testng.reporters.JUnitXMLReporter -->
<testsuite ignored="0" hostname="DESKTOP-8AOPRN1" failures="0" tests="4" name="Test" time="34.028" errors="0" timestamp="2023-08-04T18:55:22 IST">
  <testcase classname="runner.TestCases" name="VerifyUserisLandedOnTheHomePage001" time="0.948"/>
  <testcase classname="runner.TestCases" name="verifyloginWithInvalidData002" time="0.867"/>
  <testcase classname="runner.TestCases" name="VerifyUsercanAddItemInAddToCart003" time="1.329"/>
  <testcase classname="runner.TestCases" name="verifyUserCanOrderTheProduct004" time="2.556"/>
</testsuite> <!-- Test -->
